#
# There is insufficient memory for the Java Runtime Environment to continue.
# Native memory allocation (malloc) failed to allocate 32744 bytes for ChunkPool::allocate
# Possible reasons:
#   The system is out of physical RAM or swap space
#   In 32 bit mode, the process size limit was hit
# Possible solutions:
#   Reduce memory load on the system
#   Increase physical memory or swap space
#   Check if swap backing store is full
#   Use 64 bit Java on a 64 bit OS
#   Decrease Java heap size (-Xmx/-Xms)
#   Decrease number of Java threads
#   Decrease Java thread stack sizes (-Xss)
#   Set larger code cache with -XX:ReservedCodeCacheSize=
# This output file may be truncated or incomplete.
#
#  Out of Memory Error (allocation.cpp:273), pid=12540, tid=7100
#
# JRE version: Java(TM) SE Runtime Environment (8.0_40-b26) (build 1.8.0_40-b26)
# Java VM: Java HotSpot(TM) 64-Bit Server VM (25.40-b25 mixed mode windows-amd64 compressed oops)
# Failed to write core dump. Minidumps are not enabled by default on client versions of Windows
#

---------------  T H R E A D  ---------------

Current thread (0x000000001a2c6000):  JavaThread "C2 CompilerThread2" daemon [_thread_in_native, id=7100, stack(0x000000001aa90000,0x000000001ab90000)]

Stack: [0x000000001aa90000,0x000000001ab90000]
Native frames: (J=compiled Java code, j=interpreted, Vv=VM code, C=native code)
V  [jvm.dll+0x32b47a]
V  [jvm.dll+0x2797f3]
V  [msvcp_win.dll+0x27a489]
V  [msvcp_win.dll+0x2717a5]
V  [cfgmgr32.dll+0xcb7c4]
V  [WINMMBASE.dll+0xcb9e7]
V  [jvm.dll+0xcbe6c]
V  [jvm.dll+0x4d61c9]
V  [jvm.dll+0x4d62d6]
V  [jvm.dll+0x4d62d6]
V  [jvm.dll+0x4da37a]
V  [jvm.dll+0x4db7e1]
V  [jvm.dll+0x4dc217]
V  [jvm.dll+0x46a551]
V  [jvm.dll+0x46cd52]
V  [jvm.dll+0x4500d2]
V  [jvm.dll+0xa4312]
V  [jvm.dll+0xa4c4f]
V  [jvm.dll+0x241914]
V  [jvm.dll+0x29848a]
C  [msvcr100.dll+0x21d9f]
C  [msvcr100.dll+0x21e3b]
C  [KERNEL32.DLL+0x17e94]
C  [ntdll.dll+0x67ad1]


Current CompileTask:
C2:    222   83 %     4       java.util.Arrays::fill @ 10 (28 bytes)


---------------  P R O C E S S  ---------------

Java Threads: ( => current thread )
  0x000000001a366000 JavaThread "Service Thread" daemon [_thread_blocked, id=13164, stack(0x000000001ac90000,0x000000001ad90000)]
  0x000000001a2d0000 JavaThread "C1 CompilerThread3" daemon [_thread_blocked, id=1644, stack(0x000000001ab90000,0x000000001ac90000)]
=>0x000000001a2c6000 JavaThread "C2 CompilerThread2" daemon [_thread_in_native, id=7100, stack(0x000000001aa90000,0x000000001ab90000)]
  0x000000001a2be800 JavaThread "C2 CompilerThread1" daemon [_thread_blocked, id=6084, stack(0x000000001a990000,0x000000001aa90000)]
  0x000000001a2ba000 JavaThread "C2 CompilerThread0" daemon [_thread_blocked, id=7252, stack(0x000000001a890000,0x000000001a990000)]
  0x000000001a2b9000 JavaThread "Attach Listener" daemon [_thread_blocked, id=8952, stack(0x000000001a790000,0x000000001a890000)]
  0x000000001a2b8800 JavaThread "Signal Dispatcher" daemon [_thread_blocked, id=6140, stack(0x000000001a690000,0x000000001a790000)]
  0x00000000033ab800 JavaThread "Finalizer" daemon [_thread_blocked, id=10784, stack(0x000000001a190000,0x000000001a290000)]
  0x00000000033a5000 JavaThread "Reference Handler" daemon [_thread_blocked, id=12416, stack(0x000000001a090000,0x000000001a190000)]
  0x00000000018ae000 JavaThread "main" [_thread_in_Java, id=5676, stack(0x00000000030b0000,0x00000000031b0000)]

Other Threads:
  0x00000000182c9000 VMThread [stack: 0x0000000019f90000,0x000000001a090000] [id=3720]
  0x000000001a367000 WatcherThread [stack: 0x000000001ad90000,0x000000001ae90000] [id=14748]

VM state:not at safepoint (normal execution)

VM Mutex/Monitor currently owned by a thread: None

Heap:
 PSYoungGen      total 37888K, used 3939K [0x00000000d6100000, 0x00000000d8b00000, 0x0000000100000000)
  eden space 32768K, 12% used [0x00000000d6100000,0x00000000d64d8de8,0x00000000d8100000)
  from space 5120K, 0% used [0x00000000d8600000,0x00000000d8600000,0x00000000d8b00000)
  to   space 5120K, 0% used [0x00000000d8100000,0x00000000d8100000,0x00000000d8600000)
 ParOldGen       total 86016K, used 0K [0x0000000082200000, 0x0000000087600000, 0x00000000d6100000)
  object space 86016K, 0% used [0x0000000082200000,0x0000000082200000,0x0000000087600000)
 Metaspace       used 4918K, capacity 5036K, committed 5248K, reserved 1056768K
  class space    used 548K, capacity 592K, committed 640K, reserved 1048576K

Card table byte_map: [0x0000000012770000,0x0000000012b60000] byte_map_base: 0x000000001235f000

Marking Bits: (ParMarkBitMap*) 0x0000000070f74040
 Begin Bits: [0x0000000013600000, 0x0000000015578000)
 End Bits:   [0x0000000015578000, 0x00000000174f0000)

Polling page: 0x00000000013e0000

CodeCache: size=245760Kb used=1354Kb max_used=1355Kb free=244405Kb
 bounds [0x00000000033b0000, 0x0000000003620000, 0x00000000123b0000]
 total_blobs=398 nmethods=134 adapters=177
 compilation: enabled

Compilation events (10 events):
Event: 0.177 Thread 0x000000001a2d0000 nmethod 81 0x00000000034e40d0 code [0x00000000034e4240, 0x00000000034e44a8]
Event: 0.177 Thread 0x000000001a2d0000   82       3       java.util.Arrays::rangeCheck (74 bytes)
Event: 0.177 Thread 0x000000001a2c6000   83 %     4       java.util.Arrays::fill @ 10 (28 bytes)
Event: 0.177 Thread 0x000000001a2d0000 nmethod 82 0x00000000034e45d0 code [0x00000000034e4820, 0x00000000034e54e8]
Event: 0.177 Thread 0x000000001a2d0000   84       3       java.util.ArrayList::add (29 bytes)
Event: 0.178 Thread 0x000000001a2d0000 nmethod 84 0x00000000034e5ad0 code [0x00000000034e5c60, 0x00000000034e6168]
Event: 0.178 Thread 0x000000001a2d0000   85       3       java.util.ArrayList::ensureCapacityInternal (23 bytes)
Event: 0.178 Thread 0x000000001a2d0000 nmethod 85 0x00000000034e6390 code [0x00000000034e6520, 0x00000000034e6848]
Event: 0.183 Thread 0x000000001a2d0000   86       3       com.sun.org.apache.xerces.internal.util.XMLChar::isContent (35 bytes)
Event: 0.183 Thread 0x000000001a2d0000 nmethod 86 0x00000000034e7390 code [0x00000000034e7500, 0x00000000034e7770]

GC Heap History (0 events):
No events

Deoptimization events (0 events):
No events

Internal exceptions (6 events):
Event: 0.040 Thread 0x00000000018ae000 Exception <a 'java/lang/NoSuchMethodError': Method sun.misc.Unsafe.defineClass(Ljava/lang/String;[BII)Ljava/lang/Class; name or signature does not match> (0x00000000d610e3a8) thrown at [D:\re\workspace\8-2-build-windows-amd64-cygwin\jdk8u40\3098\hotspot\src tul©§?
Event: 0.040 Thread 0x00000000018ae000 Exception <a 'java/lang/NoSuchMethodError': Method sun.misc.Unsafe.prefetchRead(Ljava/lang/Object;J)V name or signature does not match> (0x00000000d610e638) thrown at [D:\re\workspace\8-2-build-windows-amd64-cygwin\jdk8u40\3098\hotspot\src\share\vm\prims\jMÍ`i√?
Event: 0.152 Thread 0x00000000018ae000 Exception <a 'java/security/PrivilegedActionException'> (0x00000000d63806b8) thrown at [D:\re\workspace\8-2-build-windows-amd64-cygwin\jdk8u40\3098\hotspot\src\share\vm\prims\jvm.cpp, line 1382]
Event: 0.152 Thread 0x00000000018ae000 Exception <a 'java/security/PrivilegedActionException'> (0x00000000d6380a00) thrown at [D:\re\workspace\8-2-build-windows-amd64-cygwin\jdk8u40\3098\hotspot\src\share\vm\prims\jvm.cpp, line 1382]
Event: 0.153 Thread 0x00000000018ae000 Exception <a 'java/security/PrivilegedActionException'> (0x00000000d6384928) thrown at [D:\re\workspace\8-2-build-windows-amd64-cygwin\jdk8u40\3098\hotspot\src\share\vm\prims\jvm.cpp, line 1382]
Event: 0.153 Thread 0x00000000018ae000 Exception <a 'java/security/PrivilegedActionException'> (0x00000000d6384c70) thrown at [D:\re\workspace\8-2-build-windows-amd64-cygwin\jdk8u40\3098\hotspot\src\share\vm\prims\jvm.cpp, line 1382]

Events (10 events):
Event: 0.182 loading class java/util/ArrayList$SubList$1 done
Event: 0.182 loading class com/sun/org/apache/xerces/internal/impl/Constants$ArrayEnumeration
Event: 0.182 loading class com/sun/org/apache/xerces/internal/impl/Constants$ArrayEnumeration done
Event: 0.183 loading class com/sun/org/apache/xerces/internal/dom/DeferredElementNSImpl
Event: 0.183 loading class com/sun/org/apache/xerces/internal/dom/ElementNSImpl
Event: 0.183 loading class com/sun/org/apache/xerces/internal/dom/ElementImpl
Event: 0.183 loading class org/w3c/dom/Element
Event: 0.183 loading class org/w3c/dom/Element done
Event: 0.183 loading class org/w3c/dom/TypeInfo
Event: 0.183 loading class org/w3c/dom/TypeInfo done


Dynamic libraries:
0x00007ff7673c0000 - 0x00007ff7673f7000 	C:\Program Files\Java\jdk1.8.0_40\jre\bin\java.exe
0x00007ffc03eb0000 - 0x00007ffc0409d000 	C:\WINDOWS\SYSTEM32\ntdll.dll
0x00007ffc019d0000 - 0x00007ffc01a83000 	C:\WINDOWS\System32\KERNEL32.DLL
0x00007ffbffff0000 - 0x00007ffc00283000 	C:\WINDOWS\System32\KERNELBASE.dll
0x00007ffc018f0000 - 0x00007ffc01993000 	C:\WINDOWS\System32\ADVAPI32.dll
0x00007ffc02260000 - 0x00007ffc022fe000 	C:\WINDOWS\System32\msvcrt.dll
0x00007ffc01470000 - 0x00007ffc0150e000 	C:\WINDOWS\System32\sechost.dll
0x00007ffc01b00000 - 0x00007ffc01c23000 	C:\WINDOWS\System32\RPCRT4.dll
0x00007ffc03a20000 - 0x00007ffc03bb7000 	C:\WINDOWS\System32\USER32.dll
0x00007ffbfffd0000 - 0x00007ffbffff0000 	C:\WINDOWS\System32\win32u.dll
0x00007ffc019a0000 - 0x00007ffc019c9000 	C:\WINDOWS\System32\GDI32.dll
0x00007ffc00ec0000 - 0x00007ffc0105a000 	C:\WINDOWS\System32\gdi32full.dll
0x00007ffc00290000 - 0x00007ffc00330000 	C:\WINDOWS\System32\msvcp_win.dll
0x00007ffc00650000 - 0x00007ffc0074c000 	C:\WINDOWS\System32\ucrtbase.dll
0x00007ffbf35a0000 - 0x00007ffbf3819000 	C:\WINDOWS\WinSxS\amd64_microsoft.windows.common-controls_6595b64144ccf1df_6.0.17763.134_none_05b3373a07211a5c\COMCTL32.dll
0x00007ffc01510000 - 0x00007ffc0183d000 	C:\WINDOWS\System32\combase.dll
0x00007ffc01060000 - 0x00007ffc010de000 	C:\WINDOWS\System32\bcryptPrimitives.dll
0x00007ffc010e0000 - 0x00007ffc0110e000 	C:\WINDOWS\System32\IMM32.DLL
0x0000000070690000 - 0x0000000070762000 	C:\Program Files\Java\jdk1.8.0_40\jre\bin\msvcr100.dll
0x0000000070770000 - 0x0000000070ff3000 	C:\Program Files\Java\jdk1.8.0_40\jre\bin\server\jvm.dll
0x00007ffc03d00000 - 0x00007ffc03d08000 	C:\WINDOWS\System32\PSAPI.DLL
0x00007ffbfea90000 - 0x00007ffbfea99000 	C:\WINDOWS\SYSTEM32\WSOCK32.dll
0x00007ffc039b0000 - 0x00007ffc03a1d000 	C:\WINDOWS\System32\WS2_32.dll
0x00007ffbfa0e0000 - 0x00007ffbfa104000 	C:\WINDOWS\SYSTEM32\WINMM.dll
0x00007ffbfabc0000 - 0x00007ffbfabca000 	C:\WINDOWS\SYSTEM32\VERSION.dll
0x00007ffbf9930000 - 0x00007ffbf995d000 	C:\WINDOWS\SYSTEM32\WINMMBASE.dll
0x00007ffbfff80000 - 0x00007ffbfffca000 	C:\WINDOWS\System32\cfgmgr32.dll
0x0000000072190000 - 0x000000007219f000 	C:\Program Files\Java\jdk1.8.0_40\jre\bin\verify.dll
0x0000000070660000 - 0x0000000070689000 	C:\Program Files\Java\jdk1.8.0_40\jre\bin\java.dll
0x0000000072170000 - 0x0000000072186000 	C:\Program Files\Java\jdk1.8.0_40\jre\bin\zip.dll
0x00007ffc023e0000 - 0x00007ffc038cf000 	C:\WINDOWS\System32\SHELL32.dll
0x00007ffc01840000 - 0x00007ffc018e8000 	C:\WINDOWS\System32\shcore.dll
0x00007ffc00770000 - 0x00007ffc00eb8000 	C:\WINDOWS\System32\windows.storage.dll
0x00007ffbfff30000 - 0x00007ffbfff54000 	C:\WINDOWS\System32\profapi.dll
0x00007ffbffeb0000 - 0x00007ffbfff0d000 	C:\WINDOWS\System32\powrprof.dll
0x00007ffc03ca0000 - 0x00007ffc03cf2000 	C:\WINDOWS\System32\shlwapi.dll
0x00007ffbfff10000 - 0x00007ffbfff21000 	C:\WINDOWS\System32\kernel.appcore.dll
0x00007ffc00750000 - 0x00007ffc00767000 	C:\WINDOWS\System32\cryptsp.dll
0x00007ffbfe740000 - 0x00007ffbfe92d000 	C:\WINDOWS\SYSTEM32\dbghelp.dll

VM Arguments:
java_command: org.netbeans.modules.web.project.ant.JspCSingle -uriroot D:\Develop Project\NetBeans\LatihanJSP\build\web -d D:\Develop Project\NetBeans\LatihanJSP\build\generated\src -die1 -schemas /resources/schemas/ -dtds /resources/dtds/ -sysClasspath D:\Program Data\NetBeans 8.2\extide\ant\lib\ant.jar;D:\Program Data\NetBeans 8.2\enterprise\modules\ext\servlet3.1-jsp2.3-api.jar;D:\Program Data\NetBeans 8.2\enterprise\modules\ext\glassfish-jspparser-4.0.jar;D:\Program Data\NetBeans 8.2\enterprise\modules\ext\jstl-impl.jar;D:\Program Data\NetBeans 8.2\enterprise\modules\ext\jsf-2_2\javax.faces.jar -jspc.files D:\Develop Project\NetBeans\LatihanJSP\build\web\View\viewRegion.jsp -compilerSourceVM 1.8 -compilerTargetVM 1.8 -javaEncoding UTF-8
java_class_path (initial): C:\Program Files\Java\jdk1.8.0_40\lib\tools.jar;D:\Program Data\NetBeans 8.2\enterprise\ant\extra\jspcompile.jar;D:\Program Data\NetBeans 8.2\extide\ant\lib\ant.jar;D:\Program Data\NetBeans 8.2\enterprise\modules\ext\servlet3.1-jsp2.3-api.jar;D:\Program Data\NetBeans 8.2\enterprise\modules\ext\glassfish-jspparser-4.0.jar;D:\Program Data\NetBeans 8.2\enterprise\modules\ext\jsf-2_2\javax.faces.jar;D:\Program Data\NetBeans 8.2\enterprise\modules\ext\jstl-api.jar;D:\Program Data\NetBeans 8.2\extide\ant\lib\ant-launcher.jar
Launcher Type: SUN_STANDARD

Environment Variables:
PATH=C:\oraclexe\app\oracle\product\11.2.0\server\bin;;C:\ProgramData\Oracle\Java\javapath;C:\Program Files (x86)\Intel\iCLS Client\;C:\Program Files\Intel\iCLS Client\;C:\Windows\system32;C:\Windows;C:\Windows\System32\Wbem;C:\Windows\System32\WindowsPowerShell\v1.0\;C:\Program Files (x86)\NVIDIA Corporation\PhysX\Common;C:\Program Files (x86)\Intel\Intel(R) Management Engine Components\DAL;C:\Program Files\Intel\Intel(R) Management Engine Components\DAL;C:\Program Files (x86)\Intel\Intel(R) Management Engine Components\IPT;C:\Program Files\Intel\Intel(R) Management Engine Components\IPT;C:\Program Files (x86)\GtkSharp\2.12\bin;C:\WINDOWS\system32;C:\WINDOWS;C:\WINDOWS\System32\Wbem;C:\WINDOWS\System32\WindowsPowerShell\v1.0\;C:\Program Files\Intel\WiFi\bin\;C:\Program Files\Common Files\Intel\WirelessCommon\;C:\Program Files\Microsoft\Web Platform Installer\;C:\Program Files\dotnet\;C:\Program Files\Microsoft SQL Server\130\Tools\Binn\;C:\Program Files\Microsoft SQL Server\120\DTS\Binn\;C:\Program Files\Microsoft SQL Server\Client SDK\ODBC\110\Tools\Binn\;C:\Program Files (x86)\Microsoft SQL Server\120\Tools\Binn\;C:\Program Files\Microsoft SQL Server\120\Tools\Binn\;C:\Program Files (x86)\Microsoft SQL Server\120\Tools\Binn\ManagementStudio\;C:\Program Files (x86)\Microsoft SQL Server\120\DTS\Binn\;C:\Program Files (x86)\Microsoft Visual Studio 12.0\Common7\IDE\PrivateAssemblies\;C:\WINDOWS\System32\OpenSSH\;C:\Users\Nitani\.dnx\bin;C:\Users\Nitani\AppData\Local\Microsoft\WindowsApps;D:\Program Data\Microsoft VS Code\bin;C:\Users\Nitani\AppData\Local\GitHubDesktop\bin
USERNAME=Nitani
OS=Windows_NT
PROCESSOR_IDENTIFIER=Intel64 Family 6 Model 94 Stepping 3, GenuineIntel



---------------  S Y S T E M  ---------------

OS: Windows 10.0 , 64 bit Build 17763 (10.0.17763.1)

CPU:total 8 (4 cores per cpu, 2 threads per core) family 6 model 94 stepping 3, cmov, cx8, fxsr, mmx, sse, sse2, sse3, ssse3, sse4.1, sse4.2, popcnt, avx, avx2, aes, clmul, erms, rtm, 3dnowpref, lzcnt, ht, tsc, tscinvbit, bmi1, bmi2, adx

Memory: 4k page, physical 8248964k(1421224k free), swap 11224708k(200k free)

vm_info: Java HotSpot(TM) 64-Bit Server VM (25.40-b25) for windows-amd64 JRE (1.8.0_40-b26), built on Mar  7 2015 13:51:59 by "java_re" with MS VC++ 10.0 (VS2010)

time: Tue Dec 11 16:48:09 2018
elapsed time: 0 seconds (0d 0h 0m 0s)

