#
# There is insufficient memory for the Java Runtime Environment to continue.
# Native memory allocation (malloc) failed to allocate 32744 bytes for ChunkPool::allocate
# Possible reasons:
#   The system is out of physical RAM or swap space
#   In 32 bit mode, the process size limit was hit
# Possible solutions:
#   Reduce memory load on the system
#   Increase physical memory or swap space
#   Check if swap backing store is full
#   Use 64 bit Java on a 64 bit OS
#   Decrease Java heap size (-Xmx/-Xms)
#   Decrease number of Java threads
#   Decrease Java thread stack sizes (-Xss)
#   Set larger code cache with -XX:ReservedCodeCacheSize=
# This output file may be truncated or incomplete.
#
#  Out of Memory Error (allocation.cpp:273), pid=1688, tid=8276
#
# JRE version: Java(TM) SE Runtime Environment (8.0_40-b26) (build 1.8.0_40-b26)
# Java VM: Java HotSpot(TM) 64-Bit Server VM (25.40-b25 mixed mode windows-amd64 compressed oops)
# Failed to write core dump. Minidumps are not enabled by default on client versions of Windows
#

---------------  T H R E A D  ---------------

Current thread (0x0000000019f3a000):  JavaThread "C2 CompilerThread0" daemon [_thread_in_native, id=8276, stack(0x000000001a510000,0x000000001a610000)]

Stack: [0x000000001a510000,0x000000001a610000]
Native frames: (J=compiled Java code, j=interpreted, Vv=VM code, C=native code)
V  [jvm.dll+0x32b47a]


Current CompileTask:
C2:   2907 1630       4       java.net.URLClassLoader$1::run (5 bytes)


---------------  P R O C E S S  ---------------

Java Threads: ( => current thread )
  0x0000000002f33800 JavaThread "DestroyJavaVM" [_thread_blocked, id=14448, stack(0x0000000002e00000,0x0000000002f00000)]
  0x000000001b182800 JavaThread "pool-1-thread-1" [_thread_blocked, id=12680, stack(0x000000001ce20000,0x000000001cf20000)]
  0x000000001b500000 JavaThread "oracle.jdbc.driver.BlockSource.ThreadedCachingBlockSource.BlockReleaser" daemon [_thread_blocked, id=3488, stack(0x000000001c6e0000,0x000000001c7e0000)]
  0x0000000019fe7000 JavaThread "Service Thread" daemon [_thread_blocked, id=7324, stack(0x000000001a910000,0x000000001aa10000)]
  0x0000000019f5e000 JavaThread "C1 CompilerThread3" daemon [_thread_blocked, id=2952, stack(0x000000001a810000,0x000000001a910000)]
  0x0000000019f45000 JavaThread "C2 CompilerThread2" daemon [_thread_blocked, id=13540, stack(0x000000001a710000,0x000000001a810000)]
  0x0000000019f3c000 JavaThread "C2 CompilerThread1" daemon [_thread_blocked, id=10108, stack(0x000000001a610000,0x000000001a710000)]
=>0x0000000019f3a000 JavaThread "C2 CompilerThread0" daemon [_thread_in_native, id=8276, stack(0x000000001a510000,0x000000001a610000)]
  0x0000000019f4d000 JavaThread "Attach Listener" daemon [_thread_blocked, id=6564, stack(0x000000001a410000,0x000000001a510000)]
  0x0000000017f5e800 JavaThread "Signal Dispatcher" daemon [_thread_blocked, id=10984, stack(0x000000001a310000,0x000000001a410000)]
  0x000000000302a000 JavaThread "Finalizer" daemon [_thread_blocked, id=8588, stack(0x0000000019e10000,0x0000000019f10000)]
  0x0000000017f4c800 JavaThread "Reference Handler" daemon [_thread_blocked, id=11092, stack(0x0000000019d10000,0x0000000019e10000)]

Other Threads:
  0x0000000017f47800 VMThread [stack: 0x0000000019c10000,0x0000000019d10000] [id=13308]
  0x0000000019ff1800 WatcherThread [stack: 0x000000001aa10000,0x000000001ab10000] [id=8552]

VM state:not at safepoint (normal execution)

VM Mutex/Monitor currently owned by a thread: None

Heap:
 PSYoungGen      total 37888K, used 23522K [0x00000000d6100000, 0x00000000dab00000, 0x0000000100000000)
  eden space 32768K, 71% used [0x00000000d6100000,0x00000000d77f89d8,0x00000000d8100000)
  from space 5120K, 0% used [0x00000000d8100000,0x00000000d8100000,0x00000000d8600000)
  to   space 5120K, 0% used [0x00000000da600000,0x00000000da600000,0x00000000dab00000)
 ParOldGen       total 60416K, used 6357K [0x0000000082200000, 0x0000000085d00000, 0x00000000d6100000)
  object space 60416K, 10% used [0x0000000082200000,0x0000000082835480,0x0000000085d00000)
 Metaspace       used 23976K, capacity 24206K, committed 24448K, reserved 1071104K
  class space    used 3094K, capacity 3167K, committed 3200K, reserved 1048576K

Card table byte_map: [0x00000000123f0000,0x00000000127e0000] byte_map_base: 0x0000000011fdf000

Marking Bits: (ParMarkBitMap*) 0x0000000070f74040
 Begin Bits: [0x0000000013280000, 0x00000000151f8000)
 End Bits:   [0x00000000151f8000, 0x0000000017170000)

Polling page: 0x00000000010a0000

CodeCache: size=245760Kb used=5223Kb max_used=5247Kb free=240536Kb
 bounds [0x0000000003030000, 0x0000000003560000, 0x0000000012030000]
 total_blobs=2126 nmethods=1639 adapters=399
 compilation: enabled

Compilation events (10 events):
Event: 2.180 Thread 0x0000000019f5e000 nmethod 1637 0x000000000353bdd0 code [0x000000000353bf60, 0x000000000353c3f8]
Event: 2.180 Thread 0x0000000019f5e000 1636       3       java.nio.CharBuffer::array (35 bytes)
Event: 2.180 Thread 0x0000000019f5e000 nmethod 1636 0x000000000353b7d0 code [0x000000000353b960, 0x000000000353bc78]
Event: 2.180 Thread 0x0000000019f5e000 1638       3       sun.nio.cs.UTF_8::updatePositions (23 bytes)
Event: 2.181 Thread 0x0000000019f5e000 nmethod 1638 0x000000000353b090 code [0x000000000353b220, 0x000000000353b658]
Event: 2.181 Thread 0x0000000019f5e000 1639       3       java.nio.Buffer::hasRemaining (17 bytes)
Event: 2.181 Thread 0x0000000019f5e000 nmethod 1639 0x000000000353ccd0 code [0x000000000353ce20, 0x000000000353cfd0]
Event: 2.181 Thread 0x0000000019f5e000 1640       3       java.nio.ByteBuffer::array (35 bytes)
Event: 2.181 Thread 0x0000000019f5e000 nmethod 1640 0x000000000353aa90 code [0x000000000353ac20, 0x000000000353af38]
Event: 2.222 Thread 0x0000000019f3c000 nmethod 1627 0x000000000354ca10 code [0x000000000354cd40, 0x000000000354ff38]

GC Heap History (8 events):
Event: 0.679 GC heap before
{Heap before GC invocations=1 (full 0):
 PSYoungGen      total 37888K, used 32768K [0x00000000d6100000, 0x00000000d8b00000, 0x0000000100000000)
  eden space 32768K, 100% used [0x00000000d6100000,0x00000000d8100000,0x00000000d8100000)
  from space 5120K, 0% used [0x00000000d8600000,0x00000000d8600000,0x00000000d8b00000)
  to   space 5120K, 0% used [0x00000000d8100000,0x00000000d8100000,0x00000000d8600000)
 ParOldGen       total 86016K, used 0K [0x0000000082200000, 0x0000000087600000, 0x00000000d6100000)
  object space 86016K, 0% used [0x0000000082200000,0x0000000082200000,0x0000000087600000)
 Metaspace       used 8558K, capacity 8686K, committed 8832K, reserved 1056768K
  class space    used 1077K, capacity 1105K, committed 1152K, reserved 1048576K
Event: 0.684 GC heap after
Heap after GC invocations=1 (full 0):
 PSYoungGen      total 37888K, used 4243K [0x00000000d6100000, 0x00000000d8b00000, 0x0000000100000000)
  eden space 32768K, 0% used [0x00000000d6100000,0x00000000d6100000,0x00000000d8100000)
  from space 5120K, 82% used [0x00000000d8100000,0x00000000d8524f40,0x00000000d8600000)
  to   space 5120K, 0% used [0x00000000d8600000,0x00000000d8600000,0x00000000d8b00000)
 ParOldGen       total 86016K, used 72K [0x0000000082200000, 0x0000000087600000, 0x00000000d6100000)
  object space 86016K, 0% used [0x0000000082200000,0x0000000082212010,0x0000000087600000)
 Metaspace       used 8558K, capacity 8686K, committed 8832K, reserved 1056768K
  class space    used 1077K, capacity 1105K, committed 1152K, reserved 1048576K
}
Event: 1.601 GC heap before
{Heap before GC invocations=2 (full 0):
 PSYoungGen      total 37888K, used 37011K [0x00000000d6100000, 0x00000000d8b00000, 0x0000000100000000)
  eden space 32768K, 100% used [0x00000000d6100000,0x00000000d8100000,0x00000000d8100000)
  from space 5120K, 82% used [0x00000000d8100000,0x00000000d8524f40,0x00000000d8600000)
  to   space 5120K, 0% used [0x00000000d8600000,0x00000000d8600000,0x00000000d8b00000)
 ParOldGen       total 86016K, used 72K [0x0000000082200000, 0x0000000087600000, 0x00000000d6100000)
  object space 86016K, 0% used [0x0000000082200000,0x0000000082212010,0x0000000087600000)
 Metaspace       used 17992K, capacity 18124K, committed 18304K, reserved 1064960K
  class space    used 2340K, capacity 2390K, committed 2432K, reserved 1048576K
Event: 1.608 GC heap after
Heap after GC invocations=2 (full 0):
 PSYoungGen      total 37888K, used 5113K [0x00000000d6100000, 0x00000000d8b00000, 0x0000000100000000)
  eden space 32768K, 0% used [0x00000000d6100000,0x00000000d6100000,0x00000000d8100000)
  from space 5120K, 99% used [0x00000000d8600000,0x00000000d8afe4c8,0x00000000d8b00000)
  to   space 5120K, 0% used [0x00000000d8100000,0x00000000d8100000,0x00000000d8600000)
 ParOldGen       total 86016K, used 3269K [0x0000000082200000, 0x0000000087600000, 0x00000000d6100000)
  object space 86016K, 3% used [0x0000000082200000,0x00000000825315c8,0x0000000087600000)
 Metaspace       used 17992K, capacity 18124K, committed 18304K, reserved 1064960K
  class space    used 2340K, capacity 2390K, committed 2432K, reserved 1048576K
}
Event: 1.852 GC heap before
{Heap before GC invocations=3 (full 0):
 PSYoungGen      total 37888K, used 21945K [0x00000000d6100000, 0x00000000d8b00000, 0x0000000100000000)
  eden space 32768K, 51% used [0x00000000d6100000,0x00000000d71701a0,0x00000000d8100000)
  from space 5120K, 99% used [0x00000000d8600000,0x00000000d8afe4c8,0x00000000d8b00000)
  to   space 5120K, 0% used [0x00000000d8100000,0x00000000d8100000,0x00000000d8600000)
 ParOldGen       total 86016K, used 3269K [0x0000000082200000, 0x0000000087600000, 0x00000000d6100000)
  object space 86016K, 3% used [0x0000000082200000,0x00000000825315c8,0x0000000087600000)
 Metaspace       used 21043K, capacity 21158K, committed 21248K, reserved 1067008K
  class space    used 2724K, capacity 2803K, committed 2816K, reserved 1048576K
Event: 1.859 GC heap after
Heap after GC invocations=3 (full 0):
 PSYoungGen      total 37888K, used 5111K [0x00000000d6100000, 0x00000000dab00000, 0x0000000100000000)
  eden space 32768K, 0% used [0x00000000d6100000,0x00000000d6100000,0x00000000d8100000)
  from space 5120K, 99% used [0x00000000d8100000,0x00000000d85fdf80,0x00000000d8600000)
  to   space 5120K, 0% used [0x00000000da600000,0x00000000da600000,0x00000000dab00000)
 ParOldGen       total 86016K, used 4693K [0x0000000082200000, 0x0000000087600000, 0x00000000d6100000)
  object space 86016K, 5% used [0x0000000082200000,0x0000000082695770,0x0000000087600000)
 Metaspace       used 21043K, capacity 21158K, committed 21248K, reserved 1067008K
  class space    used 2724K, capacity 2803K, committed 2816K, reserved 1048576K
}
Event: 1.859 GC heap before
{Heap before GC invocations=4 (full 1):
 PSYoungGen      total 37888K, used 5111K [0x00000000d6100000, 0x00000000dab00000, 0x0000000100000000)
  eden space 32768K, 0% used [0x00000000d6100000,0x00000000d6100000,0x00000000d8100000)
  from space 5120K, 99% used [0x00000000d8100000,0x00000000d85fdf80,0x00000000d8600000)
  to   space 5120K, 0% used [0x00000000da600000,0x00000000da600000,0x00000000dab00000)
 ParOldGen       total 86016K, used 4693K [0x0000000082200000, 0x0000000087600000, 0x00000000d6100000)
  object space 86016K, 5% used [0x0000000082200000,0x0000000082695770,0x0000000087600000)
 Metaspace       used 21043K, capacity 21158K, committed 21248K, reserved 1067008K
  class space    used 2724K, capacity 2803K, committed 2816K, reserved 1048576K
Event: 1.888 GC heap after
Heap after GC invocations=4 (full 1):
 PSYoungGen      total 37888K, used 0K [0x00000000d6100000, 0x00000000dab00000, 0x0000000100000000)
  eden space 32768K, 0% used [0x00000000d6100000,0x00000000d6100000,0x00000000d8100000)
  from space 5120K, 0% used [0x00000000d8100000,0x00000000d8100000,0x00000000d8600000)
  to   space 5120K, 0% used [0x00000000da600000,0x00000000da600000,0x00000000dab00000)
 ParOldGen       total 60416K, used 6357K [0x0000000082200000, 0x0000000085d00000, 0x00000000d6100000)
  object space 60416K, 10% used [0x0000000082200000,0x0000000082835480,0x0000000085d00000)
 Metaspace       used 21043K, capacity 21158K, committed 21248K, reserved 1067008K
  class space    used 2724K, capacity 2803K, committed 2816K, reserved 1048576K
}

Deoptimization events (10 events):
Event: 1.769 Thread 0x0000000002f33800 Uncommon trap: reason=unstable_if action=reinterpret pc=0x00000000033c9b24 method=java.util.HashMap.getNode(ILjava/lang/Object;)Ljava/util/HashMap$Node; @ 84
Event: 1.769 Thread 0x0000000002f33800 Uncommon trap: reason=unstable_if action=reinterpret pc=0x00000000033c3150 method=java.util.HashMap.getNode(ILjava/lang/Object;)Ljava/util/HashMap$Node; @ 84
Event: 1.949 Thread 0x0000000002f33800 Uncommon trap: reason=unstable_if action=reinterpret pc=0x000000000317bc00 method=java.lang.CharacterData.of(I)Ljava/lang/CharacterData; @ 4
Event: 1.992 Thread 0x0000000002f33800 Uncommon trap: reason=unstable_if action=reinterpret pc=0x0000000003471a88 method=java.lang.String.indexOf([CII[CIII)I @ 27
Event: 1.992 Thread 0x0000000002f33800 Uncommon trap: reason=unstable_if action=reinterpret pc=0x00000000033f7ec4 method=java.lang.String.indexOf([CII[CIII)I @ 27
Event: 2.004 Thread 0x0000000002f33800 Uncommon trap: reason=unstable_if action=reinterpret pc=0x0000000003289f00 method=java.lang.String.indexOf([CII[CIII)I @ 27
Event: 2.105 Thread 0x0000000002f33800 Uncommon trap: reason=class_check action=maybe_recompile pc=0x00000000034fdf78 method=java.lang.reflect.Field.get(Ljava/lang/Object;)Ljava/lang/Object; @ 45
Event: 2.105 Thread 0x0000000002f33800 Uncommon trap: reason=class_check action=maybe_recompile pc=0x00000000034fdf78 method=java.lang.reflect.Field.get(Ljava/lang/Object;)Ljava/lang/Object; @ 45
Event: 2.105 Thread 0x0000000002f33800 Uncommon trap: reason=class_check action=maybe_recompile pc=0x00000000034fdf78 method=java.lang.reflect.Field.get(Ljava/lang/Object;)Ljava/lang/Object; @ 45
Event: 2.105 Thread 0x0000000002f33800 Uncommon trap: reason=class_check action=maybe_recompile pc=0x00000000034fdf78 method=java.lang.reflect.Field.get(Ljava/lang/Object;)Ljava/lang/Object; @ 45

Internal exceptions (10 events):
Event: 0.782 Thread 0x0000000002f33800 Exception <a 'java/lang/ArrayIndexOutOfBoundsException'> (0x00000000d63e4268) thrown at [D:\re\workspace\8-2-build-windows-amd64-cygwin\jdk8u40\3098\hotspot\src\share\vm\runtime\sharedRuntime.cpp, line 605]
Event: 0.788 Thread 0x0000000002f33800 Exception <a 'java/lang/ArrayIndexOutOfBoundsException'> (0x00000000d640a0b8) thrown at [D:\re\workspace\8-2-build-windows-amd64-cygwin\jdk8u40\3098\hotspot\src\share\vm\runtime\sharedRuntime.cpp, line 605]
Event: 0.796 Thread 0x0000000002f33800 Exception <a 'java/lang/ArrayIndexOutOfBoundsException'> (0x00000000d6419930) thrown at [D:\re\workspace\8-2-build-windows-amd64-cygwin\jdk8u40\3098\hotspot\src\share\vm\runtime\sharedRuntime.cpp, line 605]
Event: 0.824 Thread 0x0000000002f33800 Exception <a 'java/lang/NoClassDefFoundError': oracle/security/pki/OraclePKIProvider> (0x00000000d6531a10) thrown at [D:\re\workspace\8-2-build-windows-amd64-cygwin\jdk8u40\3098\hotspot\src\share\vm\classfile\systemDictionary.cpp, line 199]
Event: 1.330 Thread 0x0000000002f33800 Exception <a 'java/lang/NullPointerException'> (0x00000000d6ee89c0) thrown at [D:\re\workspace\8-2-build-windows-amd64-cygwin\jdk8u40\3098\hotspot\src\share\vm\runtime\reflection.cpp, line 921]
Event: 1.330 Thread 0x0000000002f33800 Implicit null exception at 0x0000000003224616 to 0x000000000322493d
Event: 1.531 Thread 0x0000000002f33800 Exception <a 'java/lang/ArrayIndexOutOfBoundsException': 40> (0x00000000d7cc9ef0) thrown at [D:\re\workspace\8-2-build-windows-amd64-cygwin\jdk8u40\3098\hotspot\src\share\vm\interpreter\interpreterRuntime.cpp, line 366]
Event: 1.532 Thread 0x0000000002f33800 Exception <a 'java/lang/ArrayIndexOutOfBoundsException': 41> (0x00000000d7cd1e28) thrown at [D:\re\workspace\8-2-build-windows-amd64-cygwin\jdk8u40\3098\hotspot\src\share\vm\interpreter\interpreterRuntime.cpp, line 366]
Event: 1.744 Thread 0x0000000002f33800 Exception <a 'java/lang/NoSuchFieldError': method resolution failed> (0x00000000d68d22f8) thrown at [D:\re\workspace\8-2-build-windows-amd64-cygwin\jdk8u40\3098\hotspot\src\share\vm\prims\methodHandles.cpp, line 1125]
Event: 1.746 Thread 0x0000000002f33800 Exception <a 'java/lang/NoSuchFieldError': method resolution failed> (0x00000000d68e0c28) thrown at [D:\re\workspace\8-2-build-windows-amd64-cygwin\jdk8u40\3098\hotspot\src\share\vm\prims\methodHandles.cpp, line 1125]

Events (10 events):
Event: 2.184 loading class org/hibernate/internal/util/collections/ConcurrentReferenceHashMap$Values
Event: 2.184 loading class org/hibernate/internal/util/collections/ConcurrentReferenceHashMap$Values done
Event: 2.184 loading class org/hibernate/internal/util/collections/ConcurrentReferenceHashMap$ValueIterator
Event: 2.184 loading class org/hibernate/internal/util/collections/ConcurrentReferenceHashMap$ValueIterator done
Event: 2.185 loading class org/hibernate/internal/util/collections/ConcurrentReferenceHashMap$HashIterator
Event: 2.185 loading class org/hibernate/internal/util/collections/ConcurrentReferenceHashMap$HashIterator done
Event: 2.185 loading class java/util/NoSuchElementException
Event: 2.185 loading class java/util/NoSuchElementException done
Event: 2.185 Thread 0x0000000002f33800 Thread exited: 0x0000000002f33800
Event: 2.186 Thread 0x0000000002f33800 Thread added: 0x0000000002f33800


Dynamic libraries:
0x00007ff64d630000 - 0x00007ff64d667000 	C:\Program Files\Java\jdk1.8.0_40\bin\java.exe
0x00007ffc03eb0000 - 0x00007ffc0409d000 	C:\WINDOWS\SYSTEM32\ntdll.dll
0x00007ffc019d0000 - 0x00007ffc01a83000 	C:\WINDOWS\System32\KERNEL32.DLL
0x00007ffbffff0000 - 0x00007ffc00283000 	C:\WINDOWS\System32\KERNELBASE.dll
0x00007ffc018f0000 - 0x00007ffc01993000 	C:\WINDOWS\System32\ADVAPI32.dll
0x00007ffc02260000 - 0x00007ffc022fe000 	C:\WINDOWS\System32\msvcrt.dll
0x00007ffc01470000 - 0x00007ffc0150e000 	C:\WINDOWS\System32\sechost.dll
0x00007ffc01b00000 - 0x00007ffc01c23000 	C:\WINDOWS\System32\RPCRT4.dll
0x00007ffc03a20000 - 0x00007ffc03bb7000 	C:\WINDOWS\System32\USER32.dll
0x00007ffbfffd0000 - 0x00007ffbffff0000 	C:\WINDOWS\System32\win32u.dll
0x00007ffc019a0000 - 0x00007ffc019c9000 	C:\WINDOWS\System32\GDI32.dll
0x00007ffc00ec0000 - 0x00007ffc0105a000 	C:\WINDOWS\System32\gdi32full.dll
0x00007ffc00290000 - 0x00007ffc00330000 	C:\WINDOWS\System32\msvcp_win.dll
0x00007ffc00650000 - 0x00007ffc0074c000 	C:\WINDOWS\System32\ucrtbase.dll
0x00007ffbf35a0000 - 0x00007ffbf3819000 	C:\WINDOWS\WinSxS\amd64_microsoft.windows.common-controls_6595b64144ccf1df_6.0.17763.134_none_05b3373a07211a5c\COMCTL32.dll
0x00007ffc01510000 - 0x00007ffc0183d000 	C:\WINDOWS\System32\combase.dll
0x00007ffc01060000 - 0x00007ffc010de000 	C:\WINDOWS\System32\bcryptPrimitives.dll
0x00007ffc010e0000 - 0x00007ffc0110e000 	C:\WINDOWS\System32\IMM32.DLL
0x0000000070690000 - 0x0000000070762000 	C:\Program Files\Java\jdk1.8.0_40\jre\bin\msvcr100.dll
0x0000000070770000 - 0x0000000070ff3000 	C:\Program Files\Java\jdk1.8.0_40\jre\bin\server\jvm.dll
0x00007ffc03d00000 - 0x00007ffc03d08000 	C:\WINDOWS\System32\PSAPI.DLL
0x00007ffbfa0e0000 - 0x00007ffbfa104000 	C:\WINDOWS\SYSTEM32\WINMM.dll
0x00007ffbfabc0000 - 0x00007ffbfabca000 	C:\WINDOWS\SYSTEM32\VERSION.dll
0x00007ffbfea90000 - 0x00007ffbfea99000 	C:\WINDOWS\SYSTEM32\WSOCK32.dll
0x00007ffc039b0000 - 0x00007ffc03a1d000 	C:\WINDOWS\System32\WS2_32.dll
0x00007ffbf9930000 - 0x00007ffbf995d000 	C:\WINDOWS\SYSTEM32\WINMMBASE.dll
0x00007ffbfff80000 - 0x00007ffbfffca000 	C:\WINDOWS\System32\cfgmgr32.dll
0x0000000072190000 - 0x000000007219f000 	C:\Program Files\Java\jdk1.8.0_40\jre\bin\verify.dll
0x0000000070660000 - 0x0000000070689000 	C:\Program Files\Java\jdk1.8.0_40\jre\bin\java.dll
0x0000000072170000 - 0x0000000072186000 	C:\Program Files\Java\jdk1.8.0_40\jre\bin\zip.dll
0x00007ffc023e0000 - 0x00007ffc038cf000 	C:\WINDOWS\System32\SHELL32.dll
0x00007ffc01840000 - 0x00007ffc018e8000 	C:\WINDOWS\System32\shcore.dll
0x00007ffc00770000 - 0x00007ffc00eb8000 	C:\WINDOWS\System32\windows.storage.dll
0x00007ffbfff30000 - 0x00007ffbfff54000 	C:\WINDOWS\System32\profapi.dll
0x00007ffbffeb0000 - 0x00007ffbfff0d000 	C:\WINDOWS\System32\powrprof.dll
0x00007ffc03ca0000 - 0x00007ffc03cf2000 	C:\WINDOWS\System32\shlwapi.dll
0x00007ffbfff10000 - 0x00007ffbfff21000 	C:\WINDOWS\System32\kernel.appcore.dll
0x00007ffc00750000 - 0x00007ffc00767000 	C:\WINDOWS\System32\cryptsp.dll
0x00000000703d0000 - 0x00000000703dd000 	C:\Program Files\Java\jdk1.8.0_40\jre\bin\management.dll
0x0000000070640000 - 0x000000007065a000 	C:\Program Files\Java\jdk1.8.0_40\jre\bin\net.dll
0x00007ffbff740000 - 0x00007ffbff7a7000 	C:\WINDOWS\system32\mswsock.dll
0x0000000070620000 - 0x0000000070631000 	C:\Program Files\Java\jdk1.8.0_40\jre\bin\nio.dll
0x00007ffbff4e0000 - 0x00007ffbff5a6000 	C:\WINDOWS\SYSTEM32\DNSAPI.dll
0x00007ffc039a0000 - 0x00007ffc039a8000 	C:\WINDOWS\System32\NSI.dll
0x00007ffbff4a0000 - 0x00007ffbff4dd000 	C:\WINDOWS\SYSTEM32\IPHLPAPI.DLL
0x00007ffbf2d70000 - 0x00007ffbf2d7a000 	C:\Windows\System32\rasadhlp.dll
0x00007ffbf2ad0000 - 0x00007ffbf2b49000 	C:\WINDOWS\System32\fwpuclnt.dll
0x00007ffc00620000 - 0x00007ffc00646000 	C:\WINDOWS\System32\bcrypt.dll
0x00007ffbff300000 - 0x00007ffbff333000 	C:\WINDOWS\system32\rsaenh.dll
0x00007ffbffde0000 - 0x00007ffbffe08000 	C:\WINDOWS\SYSTEM32\USERENV.dll
0x00007ffbff910000 - 0x00007ffbff91c000 	C:\WINDOWS\SYSTEM32\CRYPTBASE.dll
0x00007ffbf83a0000 - 0x00007ffbf83b6000 	C:\WINDOWS\SYSTEM32\dhcpcsvc6.DLL
0x00007ffbf8c60000 - 0x00007ffbf8c7c000 	C:\WINDOWS\SYSTEM32\dhcpcsvc.DLL
0x00007ffbc6370000 - 0x00007ffbc6386000 	C:\WINDOWS\system32\napinsp.dll
0x00007ffbc6350000 - 0x00007ffbc636a000 	C:\WINDOWS\system32\pnrpnsp.dll
0x00007ffbd4c30000 - 0x00007ffbd4c3e000 	C:\WINDOWS\System32\winrnr.dll
0x00007ffbfc330000 - 0x00007ffbfc34b000 	C:\WINDOWS\system32\NLAapi.dll
0x00007ffbda120000 - 0x00007ffbda135000 	C:\WINDOWS\system32\wshbth.dll

VM Arguments:
jvm_args: -Dfile.encoding=UTF-8 -Xbootclasspath/p:D:\Program Data\NetBeans 8.2\enterprise\modules\ext\javaee7-endorsed\javax.annotation-api.jar;D:\Program Data\NetBeans 8.2\enterprise\modules\ext\javaee7-endorsed\javax.xml.soap-api.jar;D:\Program Data\NetBeans 8.2\enterprise\modules\ext\javaee7-endorsed\jaxb-api-osgi.jar;D:\Program Data\NetBeans 8.2\enterprise\modules\ext\javaee7-endorsed\jaxws-api.jar;D:\Program Data\NetBeans 8.2\enterprise\modules\ext\javaee7-endorsed\jsr181-api.jar 
java_command: tools.NewClass
java_class_path (initial): D:\Develop Project\NetBeans\LatihanJSP\build\web\WEB-INF\classes;D:\Program Data\NetBeans 8.2\java\modules\ext\hibernate4\antlr-2.7.7.jar;D:\Program Data\NetBeans 8.2\java\modules\ext\hibernate4\c3p0-0.9.2.1.jar;D:\Program Data\NetBeans 8.2\java\modules\ext\hibernate4\hibernate-c3p0-4.3.1.Final.jar;D:\Program Data\NetBeans 8.2\java\modules\ext\hibernate4\mchange-commons-java-0.2.3.4.jar;D:\Program Data\NetBeans 8.2\java\modules\ext\hibernate4\dom4j-1.6.1.jar;D:\Program Data\NetBeans 8.2\java\modules\ext\hibernate4\ehcache-core-2.4.3.jar;D:\Program Data\NetBeans 8.2\java\modules\ext\hibernate4\hibernate-ehcache-4.3.1.Final.jar;D:\Program Data\NetBeans 8.2\java\modules\ext\hibernate4\hibernate-core-4.3.1.Final.jar;D:\Program Data\NetBeans 8.2\java\modules\ext\hibernate4\jboss-logging-3.1.3.GA.jar;D:\Program Data\NetBeans 8.2\java\modules\ext\hibernate4\hibernate-commons-annotations-4.0.4.Final.jar;D:\Program Data\NetBeans 8.2\java\modules\ext\hibernate4\hibernate-entitymanager-4.3.1.Final.jar;D:\Program Data\NetBeans 8.2\java\modules\ext\hibernate4\javassist-3.18.1-GA.jar;D:\Program Data\NetBeans 8.2\java\modules\ext\hibernate4\jboss-transaction-api_1.2_spec-1.0.0.Final.jar;D:\Program Data\NetBeans 8.2\java\modules\ext\hibernate4\slf4j-api-1.6.1.jar;D:\Program Data\NetBeans 8.2\java\modules\ext\hibernate4\slf4j-simple-1.6.1.jar;D:\Program Data\NetBeans 8.2\java\modules\ext\hibernate4\hibernate-jpa-2.1-api-1.0.0.Final.jar;D:\Developer\Master\ojdbc7.jar;D:\Developer\Master\jBCrypt-0.4.zip;C:\Program Files\Apache Software Foundation\Apache Tomcat 8.0.27\lib\annotations-api.jar;C:\Program Files\Apache Software Foundation\Apache Tomcat 8.0.27\lib\catalina-ant.jar;C:\Program Files\Apache Software Foundation\Apache Tomcat 8.0.27\lib\catalina-ha.jar;C:\Program Files\Apache Software Foundation\Apache Tomcat 8.0.27\lib\catalina-storeconfig.jar;C:\Program Files\Apache Software Foundation\Apache Tomcat 8.0.27\lib\catalina-tribes.jar;C:\Program Files\A
Launcher Type: SUN_STANDARD

Environment Variables:
PATH=C:\oraclexe\app\oracle\product\11.2.0\server\bin;;C:\ProgramData\Oracle\Java\javapath;C:\Program Files (x86)\Intel\iCLS Client\;C:\Program Files\Intel\iCLS Client\;C:\Windows\system32;C:\Windows;C:\Windows\System32\Wbem;C:\Windows\System32\WindowsPowerShell\v1.0\;C:\Program Files (x86)\NVIDIA Corporation\PhysX\Common;C:\Program Files (x86)\Intel\Intel(R) Management Engine Components\DAL;C:\Program Files\Intel\Intel(R) Management Engine Components\DAL;C:\Program Files (x86)\Intel\Intel(R) Management Engine Components\IPT;C:\Program Files\Intel\Intel(R) Management Engine Components\IPT;C:\Program Files (x86)\GtkSharp\2.12\bin;C:\WINDOWS\system32;C:\WINDOWS;C:\WINDOWS\System32\Wbem;C:\WINDOWS\System32\WindowsPowerShell\v1.0\;C:\Program Files\Intel\WiFi\bin\;C:\Program Files\Common Files\Intel\WirelessCommon\;C:\Program Files\Microsoft\Web Platform Installer\;C:\Program Files\dotnet\;C:\Program Files\Microsoft SQL Server\130\Tools\Binn\;C:\Program Files\Microsoft SQL Server\120\DTS\Binn\;C:\Program Files\Microsoft SQL Server\Client SDK\ODBC\110\Tools\Binn\;C:\Program Files (x86)\Microsoft SQL Server\120\Tools\Binn\;C:\Program Files\Microsoft SQL Server\120\Tools\Binn\;C:\Program Files (x86)\Microsoft SQL Server\120\Tools\Binn\ManagementStudio\;C:\Program Files (x86)\Microsoft SQL Server\120\DTS\Binn\;C:\Program Files (x86)\Microsoft Visual Studio 12.0\Common7\IDE\PrivateAssemblies\;C:\WINDOWS\System32\OpenSSH\;C:\Users\Nitani\.dnx\bin;C:\Users\Nitani\AppData\Local\Microsoft\WindowsApps;D:\Program Data\Microsoft VS Code\bin;C:\Users\Nitani\AppData\Local\GitHubDesktop\bin
USERNAME=Nitani
OS=Windows_NT
PROCESSOR_IDENTIFIER=Intel64 Family 6 Model 94 Stepping 3, GenuineIntel



---------------  S Y S T E M  ---------------

OS: Windows 10.0 , 64 bit Build 17763 (10.0.17763.1)

CPU:total 8 (4 cores per cpu, 2 threads per core) family 6 model 94 stepping 3, cmov, cx8, fxsr, mmx, sse, sse2, sse3, ssse3, sse4.1, sse4.2, popcnt, avx, avx2, aes, clmul, erms, rtm, 3dnowpref, lzcnt, ht, tsc, tscinvbit, bmi1, bmi2, adx

Memory: 4k page, physical 8248964k(1609732k free), swap 11224708k(5176k free)

vm_info: Java HotSpot(TM) 64-Bit Server VM (25.40-b25) for windows-amd64 JRE (1.8.0_40-b26), built on Mar  7 2015 13:51:59 by "java_re" with MS VC++ 10.0 (VS2010)

time: Tue Dec 11 17:02:09 2018
elapsed time: 2 seconds (0d 0h 0m 2s)

